[debug] [2021-01-08T11:40:39.419Z] ----------------------------------------------------------------------
[debug] [2021-01-08T11:40:39.422Z] Command:       C:\Program Files\nodejs\node.exe C:\Users\muthu\AppData\Roaming\npm\node_modules\firebase-tools\lib\bin\firebase.js serve
[debug] [2021-01-08T11:40:39.422Z] CLI Version:   9.1.2
[debug] [2021-01-08T11:40:39.422Z] Platform:      win32
[debug] [2021-01-08T11:40:39.422Z] Node Version:  v12.16.1
[debug] [2021-01-08T11:40:39.438Z] Time:          Fri Jan 08 2021 17:10:39 GMT+0530 (India Standard Time)
[debug] [2021-01-08T11:40:39.438Z] ----------------------------------------------------------------------
[debug] [2021-01-08T11:40:39.439Z] 
[debug] [2021-01-08T11:40:39.455Z] > command requires scopes: ["email","openid","https://www.googleapis.com/auth/cloudplatformprojects.readonly","https://www.googleapis.com/auth/firebase","https://www.googleapis.com/auth/cloud-platform"]
[debug] [2021-01-08T11:40:39.456Z] > authorizing via signed-in user
[debug] [2021-01-08T11:40:39.456Z] [iam] checking project fitnesstracker-587fa for permissions ["firebase.projects.get"]
[debug] [2021-01-08T11:40:39.460Z] >>> HTTP REQUEST POST https://cloudresourcemanager.googleapis.com/v1/projects/fitnesstracker-587fa:testIamPermissions  
 {"permissions":["firebase.projects.get"]}
[debug] [2021-01-08T11:40:39.825Z] <<< HTTP RESPONSE 200 {"content-type":"application/json; charset=UTF-8","vary":"X-Origin, Referer, Origin,Accept-Encoding","date":"Fri, 08 Jan 2021 11:40:38 GMT","server":"ESF","cache-control":"private","x-xss-protection":"0","x-frame-options":"SAMEORIGIN","x-content-type-options":"nosniff","server-timing":"gfet4t7; dur=227","alt-svc":"h3-29=\":443\"; ma=2592000,h3-T051=\":443\"; ma=2592000,h3-Q050=\":443\"; ma=2592000,h3-Q046=\":443\"; ma=2592000,h3-Q043=\":443\"; ma=2592000,quic=\":443\"; ma=2592000; v=\"46,43\"","accept-ranges":"none","transfer-encoding":"chunked"}
[debug] [2021-01-08T11:40:39.831Z] >>> HTTP REQUEST GET https://firebase.googleapis.com/v1beta1/projects/fitnesstracker-587fa  
 
[debug] [2021-01-08T11:40:40.082Z] <<< HTTP RESPONSE 200 {"content-type":"application/json; charset=UTF-8","vary":"X-Origin, Referer, Origin,Accept-Encoding","date":"Fri, 08 Jan 2021 11:40:38 GMT","server":"ESF","cache-control":"private","x-xss-protection":"0","x-frame-options":"SAMEORIGIN","x-content-type-options":"nosniff","alt-svc":"h3-29=\":443\"; ma=2592000,h3-T051=\":443\"; ma=2592000,h3-Q050=\":443\"; ma=2592000,h3-Q046=\":443\"; ma=2592000,h3-Q043=\":443\"; ma=2592000,quic=\":443\"; ma=2592000; v=\"46,43\"","accept-ranges":"none","transfer-encoding":"chunked"}
[info] 
[info] === Serving from 'D:\angularfirebase\fitness-tracker'...
[info] 
[debug] [2021-01-08T11:40:40.155Z] >>> HTTP REQUEST GET https://firebase.googleapis.com/v1beta1/projects/fitnesstracker-587fa/webApps/-/config  
 
[debug] [2021-01-08T11:40:41.215Z] <<< HTTP RESPONSE 200 {"content-type":"application/json; charset=UTF-8","vary":"X-Origin, Referer, Origin,Accept-Encoding","date":"Fri, 08 Jan 2021 11:40:39 GMT","server":"ESF","cache-control":"private","x-xss-protection":"0","x-frame-options":"SAMEORIGIN","x-content-type-options":"nosniff","alt-svc":"h3-29=\":443\"; ma=2592000,h3-T051=\":443\"; ma=2592000,h3-Q050=\":443\"; ma=2592000,h3-Q046=\":443\"; ma=2592000,h3-Q043=\":443\"; ma=2592000,quic=\":443\"; ma=2592000; v=\"46,43\"","accept-ranges":"none","transfer-encoding":"chunked"}
[info] i  hosting: Serving hosting files from: public {"metadata":{"emulator":{"name":"hosting"},"message":"Serving hosting files from: \u001b[1mpublic\u001b[22m"}}
[info] +  hosting: Local server: http://localhost:5000 {"metadata":{"emulator":{"name":"hosting"},"message":"Local server: \u001b[4m\u001b[1mhttp://localhost:5000\u001b[22m\u001b[24m"}}
